ERROR: argument 3 is not a decimal integer
usage:
./binary OPTION SIZE NUMBER
 OPTION:
   -b    NUMBER is a binary and output will be in decimal.
   -d    NUMBER is a decimal and output will be in binary.

 SIZE:
   -8    input is an unsigned 8-bit integer.
   -16   input is an unsigned 16-bit integer.
   -32   input is an unsigned 32-bit integer.
   -64   input is an unsigned 64-bit integer.

 NUMBER:
 number to be converted.
ERROR: argument 3 is not a decimal integer
usage:
./binary OPTION SIZE NUMBER
 OPTION:
   -b    NUMBER is a binary and output will be in decimal.
   -d    NUMBER is a decimal and output will be in binary.

 SIZE:
   -8    input is an unsigned 8-bit integer.
   -16   input is an unsigned 16-bit integer.
   -32   input is an unsigned 32-bit integer.
   -64   input is an unsigned 64-bit integer.

 NUMBER:
 number to be converted.
ERROR: argument 3 is not a decimal integer
usage:
./binary OPTION SIZE NUMBER
 OPTION:
   -b    NUMBER is a binary and output will be in decimal.
   -d    NUMBER is a decimal and output will be in binary.

 SIZE:
   -8    input is an unsigned 8-bit integer.
   -16   input is an unsigned 16-bit integer.
   -32   input is an unsigned 32-bit integer.
   -64   input is an unsigned 64-bit integer.

 NUMBER:
 number to be converted.
ERROR: argument 3 is not a decimal integer
usage:
./binary OPTION SIZE NUMBER
 OPTION:
   -b    NUMBER is a binary and output will be in decimal.
   -d    NUMBER is a decimal and output will be in binary.

 SIZE:
   -8    input is an unsigned 8-bit integer.
   -16   input is an unsigned 16-bit integer.
   -32   input is an unsigned 32-bit integer.
   -64   input is an unsigned 64-bit integer.

 NUMBER:
 number to be converted.
ERROR: argument 3 is not a decimal integer
usage:
./binary OPTION SIZE NUMBER
 OPTION:
   -b    NUMBER is a binary and output will be in decimal.
   -d    NUMBER is a decimal and output will be in binary.

 SIZE:
   -8    input is an unsigned 8-bit integer.
   -16   input is an unsigned 16-bit integer.
   -32   input is an unsigned 32-bit integer.
   -64   input is an unsigned 64-bit integer.

 NUMBER:
 number to be converted.
ERROR: argument 3 is not a decimal integer
usage:
./binary OPTION SIZE NUMBER
 OPTION:
   -b    NUMBER is a binary and output will be in decimal.
   -d    NUMBER is a decimal and output will be in binary.

 SIZE:
   -8    input is an unsigned 8-bit integer.
   -16   input is an unsigned 16-bit integer.
   -32   input is an unsigned 32-bit integer.
   -64   input is an unsigned 64-bit integer.

 NUMBER:
 number to be converted.
ERROR: argument 3 is not a decimal integer
usage:
./binary OPTION SIZE NUMBER
 OPTION:
   -b    NUMBER is a binary and output will be in decimal.
   -d    NUMBER is a decimal and output will be in binary.

 SIZE:
   -8    input is an unsigned 8-bit integer.
   -16   input is an unsigned 16-bit integer.
   -32   input is an unsigned 32-bit integer.
   -64   input is an unsigned 64-bit integer.

 NUMBER:
 number to be converted.
ERROR: argument 3 is not a decimal integer
usage:
./binary OPTION SIZE NUMBER
 OPTION:
   -b    NUMBER is a binary and output will be in decimal.
   -d    NUMBER is a decimal and output will be in binary.

 SIZE:
   -8    input is an unsigned 8-bit integer.
   -16   input is an unsigned 16-bit integer.
   -32   input is an unsigned 32-bit integer.
   -64   input is an unsigned 64-bit integer.

 NUMBER:
 number to be converted.
ERROR: argument 3 is not a decimal integer
usage:
./binary OPTION SIZE NUMBER
 OPTION:
   -b    NUMBER is a binary and output will be in decimal.
   -d    NUMBER is a decimal and output will be in binary.

 SIZE:
   -8    input is an unsigned 8-bit integer.
   -16   input is an unsigned 16-bit integer.
   -32   input is an unsigned 32-bit integer.
   -64   input is an unsigned 64-bit integer.

 NUMBER:
 number to be converted.
ERROR: argument 3 is not a decimal integer
usage:
./binary OPTION SIZE NUMBER
 OPTION:
   -b    NUMBER is a binary and output will be in decimal.
   -d    NUMBER is a decimal and output will be in binary.

 SIZE:
   -8    input is an unsigned 8-bit integer.
   -16   input is an unsigned 16-bit integer.
   -32   input is an unsigned 32-bit integer.
   -64   input is an unsigned 64-bit integer.

 NUMBER:
 number to be converted.
10
33
33
71
144
147
832
4439
ERROR: argument 1 must be -b | -d
usage:
./binary OPTION SIZE NUMBER
 OPTION:
   -b    NUMBER is a binary and output will be in decimal.
   -d    NUMBER is a decimal and output will be in binary.

 SIZE:
   -8    input is an unsigned 8-bit integer.
   -16   input is an unsigned 16-bit integer.
   -32   input is an unsigned 32-bit integer.
   -64   input is an unsigned 64-bit integer.

 NUMBER:
 number to be converted.
ERROR: argument 2 must be: -8 | -16 | -32 | -64
usage:
./binary OPTION SIZE NUMBER
 OPTION:
   -b    NUMBER is a binary and output will be in decimal.
   -d    NUMBER is a decimal and output will be in binary.

 SIZE:
   -8    input is an unsigned 8-bit integer.
   -16   input is an unsigned 16-bit integer.
   -32   input is an unsigned 32-bit integer.
   -64   input is an unsigned 64-bit integer.

 NUMBER:
 number to be converted.
1
ERROR: argument 3 is not a decimal integer
usage:
./binary OPTION SIZE NUMBER
 OPTION:
   -b    NUMBER is a binary and output will be in decimal.
   -d    NUMBER is a decimal and output will be in binary.

 SIZE:
   -8    input is an unsigned 8-bit integer.
   -16   input is an unsigned 16-bit integer.
   -32   input is an unsigned 32-bit integer.
   -64   input is an unsigned 64-bit integer.

 NUMBER:
 number to be converted.
ERROR: incorrect number of arguments
usage:
./binary OPTION SIZE NUMBER
 OPTION:
   -b    NUMBER is a binary and output will be in decimal.
   -d    NUMBER is a decimal and output will be in binary.

 SIZE:
   -8    input is an unsigned 8-bit integer.
   -16   input is an unsigned 16-bit integer.
   -32   input is an unsigned 32-bit integer.
   -64   input is an unsigned 64-bit integer.

 NUMBER:
 number to be converted.
